VpnResellerApp/core_data/build/outputs/mapping/release/seeds.txt
com.yourcompany.vpnresellerapp.core_data.R
com.yourcompany.vpnresellerapp.core_data.R: R()