VpnResellerApp/core_data/build/outputs/mapping/release/usage.txt
com.yourcompany.vpnresellerapp.core_data.model.Invoice
com.yourcompany.vpnresellerapp.core_data.model.Payment
com.yourcompany.vpnresellerapp.core_data.model.Representative
com.yourcompany.vpnresellerapp.core_data.model.Transaction
...
com.example.coredata.backup.BackupManager